


ARM Macro Assembler    Page 1 


    1 00000000         ;/******************************************************
                       ********************//**
    2 00000000         ; * @file
    3 00000000         ; * @brief    CMSIS Core Device Startup File for
    4 00000000         ; *           Silicon Labs EFM32GG Device Series
    5 00000000         ; * @version 5.7.0
    6 00000000         ; ******************************************************
                       ************************
    7 00000000         ; * # License
    8 00000000         ; *
    9 00000000         ; * The licensor of this software is Silicon Laboratorie
                       s Inc. Your use of this
   10 00000000         ; * software is governed by the terms of Silicon Labs Ma
                       ster Software License
   11 00000000         ; * Agreement (MSLA) available at
   12 00000000         ; * www.silabs.com/about-us/legal/master-software-licens
                       e-agreement. This
   13 00000000         ; * software is Third Party Software licensed by Silicon
                        Labs from a third party
   14 00000000         ; * and is governed by the sections of the MSLA applicab
                       le to Third Party
   15 00000000         ; * Software and the additional terms set forth below.
   16 00000000         ; *
   17 00000000         ; ******************************************************
                       ***********************/
   18 00000000         ;/*
   19 00000000         ; * Copyright (c) 2009-2016 ARM Limited. All rights rese
                       rved.
   20 00000000         ; *
   21 00000000         ; * SPDX-License-Identifier: Apache-2.0
   22 00000000         ; *
   23 00000000         ; * Licensed under the Apache License, Version 2.0 (the 
                       License); you may
   24 00000000         ; * not use this file except in compliance with the Lice
                       nse.
   25 00000000         ; * You may obtain a copy of the License at
   26 00000000         ; *
   27 00000000         ; * www.apache.org/licenses/LICENSE-2.0
   28 00000000         ; *
   29 00000000         ; * Unless required by applicable law or agreed to in wr
                       iting, software
   30 00000000         ; * distributed under the License is distributed on an A
                       S IS BASIS, WITHOUT
   31 00000000         ; * WARRANTIES OR CONDITIONS OF ANY KIND, either express
                        or implied.
   32 00000000         ; * See the License for the specific language governing 
                       permissions and
   33 00000000         ; * limitations under the License.
   34 00000000         ; */
   35 00000000         
   36 00000000         ;/*
   37 00000000         ;//-------- <<< Use Configuration Wizard in Context Menu
                        >>> ------------------
   38 00000000         ;*/
   39 00000000         
   40 00000000         ; <h> Stack Configuration
   41 00000000         ;   <o> Stack Size (in Bytes) <0x0-0xFFFFFFFF:8>
   42 00000000         ; </h>
   43 00000000                 IF               :DEF: __STACK_SIZE



ARM Macro Assembler    Page 2 


   46 00000000 00000400 
                       Stack_Size
                               EQU              0x00000400
   47 00000000                 ENDIF
   48 00000000         
   49 00000000                 AREA             STACK, NOINIT, READWRITE, ALIGN
=3
   50 00000000         Stack_Mem
                               SPACE            Stack_Size
   51 00000400         __initial_sp
   52 00000400         
   53 00000400         
   54 00000400         ; <h> Heap Configuration
   55 00000400         ;   <o>  Heap Size (in Bytes) <0x0-0xFFFFFFFF:8>
   56 00000400         ; </h>
   57 00000400                 IF               :DEF: __HEAP_SIZE
   60 00000400 00000C00 
                       Heap_Size
                               EQU              0x00000C00
   61 00000400                 ENDIF
   62 00000400         
   63 00000400                 AREA             HEAP, NOINIT, READWRITE, ALIGN=
3
   64 00000000         __heap_base
   65 00000000         Heap_Mem
                               SPACE            Heap_Size
   66 00000C00         __heap_limit
   67 00000C00         
   68 00000C00         
   69 00000C00                 PRESERVE8
   70 00000C00                 THUMB
   71 00000C00         
   72 00000C00         
   73 00000C00         ; Vector Table Mapped to Address 0 at Reset
   74 00000C00         
   75 00000C00                 AREA             RESET, DATA, READONLY, ALIGN=8
   76 00000000                 EXPORT           __Vectors
   77 00000000                 EXPORT           __Vectors_End
   78 00000000                 EXPORT           __Vectors_Size
   79 00000000         
   80 00000000 00000000 
                       __Vectors
                               DCD              __initial_sp ; Top of Stack
   81 00000004 00000000        DCD              Reset_Handler ; Reset Handler
   82 00000008 00000000        DCD              NMI_Handler ; NMI Handler
   83 0000000C 00000000        DCD              HardFault_Handler ; Hard Fault 
                                                            Handler
   84 00000010 00000000        DCD              MemManage_Handler 
                                                            ; MPU Fault Handler
                                                            
   85 00000014 00000000        DCD              BusFault_Handler 
                                                            ; Bus Fault Handler
                                                            
   86 00000018 00000000        DCD              UsageFault_Handler ; Usage Faul
                                                            t Handler
   87 0000001C 00000000        DCD              0           ; Reserved
   88 00000020 00000000        DCD              0           ; Reserved
   89 00000024 00000000        DCD              0           ; Reserved
   90 00000028 00000000        DCD              0           ; Reserved



ARM Macro Assembler    Page 3 


   91 0000002C 00000000        DCD              SVC_Handler ; SVCall Handler
   92 00000030 00000000        DCD              DebugMon_Handler ; Debug Monito
                                                            r Handler
   93 00000034 00000000        DCD              0           ; Reserved
   94 00000038 00000000        DCD              PendSV_Handler ; PendSV Handler
                                                            
   95 0000003C 00000000        DCD              SysTick_Handler 
                                                            ; SysTick Handler
   96 00000040         
   97 00000040         ; External Interrupts
   98 00000040         
   99 00000040 00000000        DCD              DMA_IRQHandler 
                                                            ; 0: DMA Interrupt
  100 00000044 00000000        DCD              GPIO_EVEN_IRQHandler ; 1: GPIO_
                                                            EVEN Interrupt
  101 00000048 00000000        DCD              TIMER0_IRQHandler ; 2: TIMER0 I
                                                            nterrupt
  102 0000004C 00000000        DCD              USART0_RX_IRQHandler ; 3: USART
                                                            0_RX Interrupt
  103 00000050 00000000        DCD              USART0_TX_IRQHandler ; 4: USART
                                                            0_TX Interrupt
  104 00000054 00000000        DCD              USB_IRQHandler 
                                                            ; 5: USB Interrupt
  105 00000058 00000000        DCD              ACMP0_IRQHandler ; 6: ACMP0 Int
                                                            errupt
  106 0000005C 00000000        DCD              ADC0_IRQHandler 
                                                            ; 7: ADC0 Interrupt
                                                            
  107 00000060 00000000        DCD              DAC0_IRQHandler 
                                                            ; 8: DAC0 Interrupt
                                                            
  108 00000064 00000000        DCD              I2C0_IRQHandler 
                                                            ; 9: I2C0 Interrupt
                                                            
  109 00000068 00000000        DCD              I2C1_IRQHandler ; 10: I2C1 Inte
                                                            rrupt
  110 0000006C 00000000        DCD              GPIO_ODD_IRQHandler ; 11: GPIO_
                                                            ODD Interrupt
  111 00000070 00000000        DCD              TIMER1_IRQHandler ; 12: TIMER1 
                                                            Interrupt
  112 00000074 00000000        DCD              TIMER2_IRQHandler ; 13: TIMER2 
                                                            Interrupt
  113 00000078 00000000        DCD              TIMER3_IRQHandler ; 14: TIMER3 
                                                            Interrupt
  114 0000007C 00000000        DCD              USART1_RX_IRQHandler ; 15: USAR
                                                            T1_RX Interrupt
  115 00000080 00000000        DCD              USART1_TX_IRQHandler ; 16: USAR
                                                            T1_TX Interrupt
  116 00000084 00000000        DCD              LESENSE_IRQHandler ; 17: LESENS
                                                            E Interrupt
  117 00000088 00000000        DCD              USART2_RX_IRQHandler ; 18: USAR
                                                            T2_RX Interrupt
  118 0000008C 00000000        DCD              USART2_TX_IRQHandler ; 19: USAR
                                                            T2_TX Interrupt
  119 00000090 00000000        DCD              UART0_RX_IRQHandler ; 20: UART0
                                                            _RX Interrupt
  120 00000094 00000000        DCD              UART0_TX_IRQHandler ; 21: UART0
                                                            _TX Interrupt
  121 00000098 00000000        DCD              UART1_RX_IRQHandler ; 22: UART1



ARM Macro Assembler    Page 4 


                                                            _RX Interrupt
  122 0000009C 00000000        DCD              UART1_TX_IRQHandler ; 23: UART1
                                                            _TX Interrupt
  123 000000A0 00000000        DCD              LEUART0_IRQHandler ; 24: LEUART
                                                            0 Interrupt
  124 000000A4 00000000        DCD              LEUART1_IRQHandler ; 25: LEUART
                                                            1 Interrupt
  125 000000A8 00000000        DCD              LETIMER0_IRQHandler ; 26: LETIM
                                                            ER0 Interrupt
  126 000000AC 00000000        DCD              PCNT0_IRQHandler ; 27: PCNT0 In
                                                            terrupt
  127 000000B0 00000000        DCD              PCNT1_IRQHandler ; 28: PCNT1 In
                                                            terrupt
  128 000000B4 00000000        DCD              PCNT2_IRQHandler ; 29: PCNT2 In
                                                            terrupt
  129 000000B8 00000000        DCD              RTC_IRQHandler 
                                                            ; 30: RTC Interrupt
                                                            
  130 000000BC 00000000        DCD              BURTC_IRQHandler ; 31: BURTC In
                                                            terrupt
  131 000000C0 00000000        DCD              CMU_IRQHandler 
                                                            ; 32: CMU Interrupt
                                                            
  132 000000C4 00000000        DCD              VCMP_IRQHandler ; 33: VCMP Inte
                                                            rrupt
  133 000000C8 00000000        DCD              LCD_IRQHandler 
                                                            ; 34: LCD Interrupt
                                                            
  134 000000CC 00000000        DCD              MSC_IRQHandler 
                                                            ; 35: MSC Interrupt
                                                            
  135 000000D0 00000000        DCD              AES_IRQHandler 
                                                            ; 36: AES Interrupt
                                                            
  136 000000D4 00000000        DCD              EBI_IRQHandler 
                                                            ; 37: EBI Interrupt
                                                            
  137 000000D8 00000000        DCD              EMU_IRQHandler 
                                                            ; 38: EMU Interrupt
                                                            
  138 000000DC         
  139 000000DC         __Vectors_End
  140 000000DC 000000DC 
                       __Vectors_Size
                               EQU              __Vectors_End - __Vectors
  141 000000DC         
  142 000000DC                 AREA             |.text|, CODE, READONLY
  143 00000000         
  144 00000000         
  145 00000000         ; Reset Handler
  146 00000000         
  147 00000000         Reset_Handler
                               PROC
  148 00000000                 EXPORT           Reset_Handler             [WEAK
]
  149 00000000                 IMPORT           SystemInit
  150 00000000                 IMPORT           __main
  151 00000000 4809            LDR              R0, =SystemInit
  152 00000002 4780            BLX              R0



ARM Macro Assembler    Page 5 


  153 00000004 4809            LDR              R0, =__main
  154 00000006 4700            BX               R0
  155 00000008                 ENDP
  156 00000008         
  157 00000008         
  158 00000008         ; Dummy Exception Handlers (infinite loops which can be 
                       modified)
  159 00000008         
  160 00000008         NMI_Handler
                               PROC
  161 00000008                 EXPORT           NMI_Handler               [WEAK
]
  162 00000008 E7FE            B                .
  163 0000000A                 ENDP
  165 0000000A         HardFault_Handler
                               PROC
  166 0000000A                 EXPORT           HardFault_Handler         [WEAK
]
  167 0000000A E7FE            B                .
  168 0000000C                 ENDP
  170 0000000C         MemManage_Handler
                               PROC
  171 0000000C                 EXPORT           MemManage_Handler         [WEAK
]
  172 0000000C E7FE            B                .
  173 0000000E                 ENDP
  175 0000000E         BusFault_Handler
                               PROC
  176 0000000E                 EXPORT           BusFault_Handler          [WEAK
]
  177 0000000E E7FE            B                .
  178 00000010                 ENDP
  180 00000010         UsageFault_Handler
                               PROC
  181 00000010                 EXPORT           UsageFault_Handler        [WEAK
]
  182 00000010 E7FE            B                .
  183 00000012                 ENDP
  184 00000012         SVC_Handler
                               PROC
  185 00000012                 EXPORT           SVC_Handler               [WEAK
]
  186 00000012 E7FE            B                .
  187 00000014                 ENDP
  189 00000014         DebugMon_Handler
                               PROC
  190 00000014                 EXPORT           DebugMon_Handler          [WEAK
]
  191 00000014 E7FE            B                .
  192 00000016                 ENDP
  193 00000016         PendSV_Handler
                               PROC
  194 00000016                 EXPORT           PendSV_Handler            [WEAK
]
  195 00000016 E7FE            B                .
  196 00000018                 ENDP
  197 00000018         SysTick_Handler
                               PROC
  198 00000018                 EXPORT           SysTick_Handler           [WEAK



ARM Macro Assembler    Page 6 


]
  199 00000018 E7FE            B                .
  200 0000001A                 ENDP
  201 0000001A         
  202 0000001A         Default_Handler
                               PROC
  203 0000001A                 EXPORT           DMA_IRQHandler            [WEAK
]
  204 0000001A                 EXPORT           GPIO_EVEN_IRQHandler      [WEAK
]
  205 0000001A                 EXPORT           TIMER0_IRQHandler         [WEAK
]
  206 0000001A                 EXPORT           USART0_RX_IRQHandler      [WEAK
]
  207 0000001A                 EXPORT           USART0_TX_IRQHandler      [WEAK
]
  208 0000001A                 EXPORT           USB_IRQHandler            [WEAK
]
  209 0000001A                 EXPORT           ACMP0_IRQHandler          [WEAK
]
  210 0000001A                 EXPORT           ADC0_IRQHandler           [WEAK
]
  211 0000001A                 EXPORT           DAC0_IRQHandler           [WEAK
]
  212 0000001A                 EXPORT           I2C0_IRQHandler           [WEAK
]
  213 0000001A                 EXPORT           I2C1_IRQHandler           [WEAK
]
  214 0000001A                 EXPORT           GPIO_ODD_IRQHandler       [WEAK
]
  215 0000001A                 EXPORT           TIMER1_IRQHandler         [WEAK
]
  216 0000001A                 EXPORT           TIMER2_IRQHandler         [WEAK
]
  217 0000001A                 EXPORT           TIMER3_IRQHandler         [WEAK
]
  218 0000001A                 EXPORT           USART1_RX_IRQHandler      [WEAK
]
  219 0000001A                 EXPORT           USART1_TX_IRQHandler      [WEAK
]
  220 0000001A                 EXPORT           LESENSE_IRQHandler        [WEAK
]
  221 0000001A                 EXPORT           USART2_RX_IRQHandler      [WEAK
]
  222 0000001A                 EXPORT           USART2_TX_IRQHandler      [WEAK
]
  223 0000001A                 EXPORT           UART0_RX_IRQHandler       [WEAK
]
  224 0000001A                 EXPORT           UART0_TX_IRQHandler       [WEAK
]
  225 0000001A                 EXPORT           UART1_RX_IRQHandler       [WEAK
]
  226 0000001A                 EXPORT           UART1_TX_IRQHandler       [WEAK
]
  227 0000001A                 EXPORT           LEUART0_IRQHandler        [WEAK
]
  228 0000001A                 EXPORT           LEUART1_IRQHandler        [WEAK
]
  229 0000001A                 EXPORT           LETIMER0_IRQHandler       [WEAK



ARM Macro Assembler    Page 7 


]
  230 0000001A                 EXPORT           PCNT0_IRQHandler          [WEAK
]
  231 0000001A                 EXPORT           PCNT1_IRQHandler          [WEAK
]
  232 0000001A                 EXPORT           PCNT2_IRQHandler          [WEAK
]
  233 0000001A                 EXPORT           RTC_IRQHandler            [WEAK
]
  234 0000001A                 EXPORT           BURTC_IRQHandler          [WEAK
]
  235 0000001A                 EXPORT           CMU_IRQHandler            [WEAK
]
  236 0000001A                 EXPORT           VCMP_IRQHandler           [WEAK
]
  237 0000001A                 EXPORT           LCD_IRQHandler            [WEAK
]
  238 0000001A                 EXPORT           MSC_IRQHandler            [WEAK
]
  239 0000001A                 EXPORT           AES_IRQHandler            [WEAK
]
  240 0000001A                 EXPORT           EBI_IRQHandler            [WEAK
]
  241 0000001A                 EXPORT           EMU_IRQHandler            [WEAK
]
  242 0000001A         
  243 0000001A         
  244 0000001A         DMA_IRQHandler
  245 0000001A         GPIO_EVEN_IRQHandler
  246 0000001A         TIMER0_IRQHandler
  247 0000001A         USART0_RX_IRQHandler
  248 0000001A         USART0_TX_IRQHandler
  249 0000001A         USB_IRQHandler
  250 0000001A         ACMP0_IRQHandler
  251 0000001A         ADC0_IRQHandler
  252 0000001A         DAC0_IRQHandler
  253 0000001A         I2C0_IRQHandler
  254 0000001A         I2C1_IRQHandler
  255 0000001A         GPIO_ODD_IRQHandler
  256 0000001A         TIMER1_IRQHandler
  257 0000001A         TIMER2_IRQHandler
  258 0000001A         TIMER3_IRQHandler
  259 0000001A         USART1_RX_IRQHandler
  260 0000001A         USART1_TX_IRQHandler
  261 0000001A         LESENSE_IRQHandler
  262 0000001A         USART2_RX_IRQHandler
  263 0000001A         USART2_TX_IRQHandler
  264 0000001A         UART0_RX_IRQHandler
  265 0000001A         UART0_TX_IRQHandler
  266 0000001A         UART1_RX_IRQHandler
  267 0000001A         UART1_TX_IRQHandler
  268 0000001A         LEUART0_IRQHandler
  269 0000001A         LEUART1_IRQHandler
  270 0000001A         LETIMER0_IRQHandler
  271 0000001A         PCNT0_IRQHandler
  272 0000001A         PCNT1_IRQHandler
  273 0000001A         PCNT2_IRQHandler
  274 0000001A         RTC_IRQHandler
  275 0000001A         BURTC_IRQHandler



ARM Macro Assembler    Page 8 


  276 0000001A         CMU_IRQHandler
  277 0000001A         VCMP_IRQHandler
  278 0000001A         LCD_IRQHandler
  279 0000001A         MSC_IRQHandler
  280 0000001A         AES_IRQHandler
  281 0000001A         EBI_IRQHandler
  282 0000001A         EMU_IRQHandler
  283 0000001A E7FE            B                .
  284 0000001C                 ENDP
  285 0000001C         
  286 0000001C                 ALIGN
  287 0000001C         
  288 0000001C         ; User Initial Stack & Heap
  289 0000001C         
  290 0000001C                 IF               :DEF:__MICROLIB
  297 0000001C         
  298 0000001C                 IMPORT           __use_two_region_memory
  299 0000001C                 EXPORT           __user_initial_stackheap
  300 0000001C         
  301 0000001C         __user_initial_stackheap
                               PROC
  302 0000001C 4804            LDR              R0, =  Heap_Mem
  303 0000001E 4905            LDR              R1, =(Stack_Mem + Stack_Size)
  304 00000020 4A05            LDR              R2, = (Heap_Mem +  Heap_Size)
  305 00000022 4B06            LDR              R3, = Stack_Mem
  306 00000024 4770            BX               LR
  307 00000026                 ENDP
  308 00000026         
  309 00000026 00 00           ALIGN
  310 00000028         
  311 00000028                 ENDIF
  312 00000028         
  313 00000028                 END
              00000000 
              00000000 
              00000000 
              00000400 
              00000C00 
              00000000 
Command Line: --debug --xref --diag_suppress=9931 --cpu=Cortex-M3 --depend=.\ob
jects\startup_efm32gg.d -o.\objects\startup_efm32gg.o -I.\RTE\_Target_1 -IC:\Ke
il_v5\ARM\PACK\ARM\CMSIS\5.4.0\CMSIS\Core\Include -IC:\Keil_v5\ARM\PACK\ARM\CMS
IS\5.4.0\CMSIS\RTOS\RTX\INC -IC:\Keil_v5\ARM\PACK\Keil\EFM32GG_BSP\2.0.0\SDK\pl
atform\emlib\inc -IC:\Keil_v5\ARM\PACK\SiliconLabs\EFM32GG_DFP\5.7.0\Device\Sil
iconLabs\EFM32GG\Include -IC:\Keil_v5\ARM\PACK\SiliconLabs\EFM32GG_DFP\5.7.0\De
vice\EFM32GG\Include --predefine="__RTX SETA 1" --predefine="__UVISION_VERSION 
SETA 526" --predefine="_RTE_ SETA 1" --predefine="EFM32GG980F1024 SETA 1" --lis
t=.\listings\startup_efm32gg.lst RTE\Device\EFM32GG980F1024\startup_efm32gg.s



ARM Macro Assembler    Page 1 Alphabetic symbol ordering
Relocatable symbols

STACK 00000000

Symbol: STACK
   Definitions
      At line 49 in file RTE\Device\EFM32GG980F1024\startup_efm32gg.s
   Uses
      None
Comment: STACK unused
Stack_Mem 00000000

Symbol: Stack_Mem
   Definitions
      At line 50 in file RTE\Device\EFM32GG980F1024\startup_efm32gg.s
   Uses
      At line 303 in file RTE\Device\EFM32GG980F1024\startup_efm32gg.s
      At line 305 in file RTE\Device\EFM32GG980F1024\startup_efm32gg.s

__initial_sp 00000400

Symbol: __initial_sp
   Definitions
      At line 51 in file RTE\Device\EFM32GG980F1024\startup_efm32gg.s
   Uses
      At line 80 in file RTE\Device\EFM32GG980F1024\startup_efm32gg.s
Comment: __initial_sp used once
3 symbols



ARM Macro Assembler    Page 1 Alphabetic symbol ordering
Relocatable symbols

HEAP 00000000

Symbol: HEAP
   Definitions
      At line 63 in file RTE\Device\EFM32GG980F1024\startup_efm32gg.s
   Uses
      None
Comment: HEAP unused
Heap_Mem 00000000

Symbol: Heap_Mem
   Definitions
      At line 65 in file RTE\Device\EFM32GG980F1024\startup_efm32gg.s
   Uses
      At line 302 in file RTE\Device\EFM32GG980F1024\startup_efm32gg.s
      At line 304 in file RTE\Device\EFM32GG980F1024\startup_efm32gg.s

__heap_base 00000000

Symbol: __heap_base
   Definitions
      At line 64 in file RTE\Device\EFM32GG980F1024\startup_efm32gg.s
   Uses
      None
Comment: __heap_base unused
__heap_limit 00000C00

Symbol: __heap_limit
   Definitions
      At line 66 in file RTE\Device\EFM32GG980F1024\startup_efm32gg.s
   Uses
      None
Comment: __heap_limit unused
4 symbols



ARM Macro Assembler    Page 1 Alphabetic symbol ordering
Relocatable symbols

RESET 00000000

Symbol: RESET
   Definitions
      At line 75 in file RTE\Device\EFM32GG980F1024\startup_efm32gg.s
   Uses
      None
Comment: RESET unused
__Vectors 00000000

Symbol: __Vectors
   Definitions
      At line 80 in file RTE\Device\EFM32GG980F1024\startup_efm32gg.s
   Uses
      At line 76 in file RTE\Device\EFM32GG980F1024\startup_efm32gg.s
      At line 140 in file RTE\Device\EFM32GG980F1024\startup_efm32gg.s

__Vectors_End 000000DC

Symbol: __Vectors_End
   Definitions
      At line 139 in file RTE\Device\EFM32GG980F1024\startup_efm32gg.s
   Uses
      At line 77 in file RTE\Device\EFM32GG980F1024\startup_efm32gg.s
      At line 140 in file RTE\Device\EFM32GG980F1024\startup_efm32gg.s

3 symbols



ARM Macro Assembler    Page 1 Alphabetic symbol ordering
Relocatable symbols

.text 00000000

Symbol: .text
   Definitions
      At line 142 in file RTE\Device\EFM32GG980F1024\startup_efm32gg.s
   Uses
      None
Comment: .text unused
ACMP0_IRQHandler 0000001A

Symbol: ACMP0_IRQHandler
   Definitions
      At line 250 in file RTE\Device\EFM32GG980F1024\startup_efm32gg.s
   Uses
      At line 105 in file RTE\Device\EFM32GG980F1024\startup_efm32gg.s
      At line 209 in file RTE\Device\EFM32GG980F1024\startup_efm32gg.s

ADC0_IRQHandler 0000001A

Symbol: ADC0_IRQHandler
   Definitions
      At line 251 in file RTE\Device\EFM32GG980F1024\startup_efm32gg.s
   Uses
      At line 106 in file RTE\Device\EFM32GG980F1024\startup_efm32gg.s
      At line 210 in file RTE\Device\EFM32GG980F1024\startup_efm32gg.s

AES_IRQHandler 0000001A

Symbol: AES_IRQHandler
   Definitions
      At line 280 in file RTE\Device\EFM32GG980F1024\startup_efm32gg.s
   Uses
      At line 135 in file RTE\Device\EFM32GG980F1024\startup_efm32gg.s
      At line 239 in file RTE\Device\EFM32GG980F1024\startup_efm32gg.s

BURTC_IRQHandler 0000001A

Symbol: BURTC_IRQHandler
   Definitions
      At line 275 in file RTE\Device\EFM32GG980F1024\startup_efm32gg.s
   Uses
      At line 130 in file RTE\Device\EFM32GG980F1024\startup_efm32gg.s
      At line 234 in file RTE\Device\EFM32GG980F1024\startup_efm32gg.s

BusFault_Handler 0000000E

Symbol: BusFault_Handler
   Definitions
      At line 175 in file RTE\Device\EFM32GG980F1024\startup_efm32gg.s
   Uses
      At line 85 in file RTE\Device\EFM32GG980F1024\startup_efm32gg.s
      At line 176 in file RTE\Device\EFM32GG980F1024\startup_efm32gg.s

CMU_IRQHandler 0000001A

Symbol: CMU_IRQHandler
   Definitions
      At line 276 in file RTE\Device\EFM32GG980F1024\startup_efm32gg.s
   Uses



ARM Macro Assembler    Page 2 Alphabetic symbol ordering
Relocatable symbols

      At line 131 in file RTE\Device\EFM32GG980F1024\startup_efm32gg.s
      At line 235 in file RTE\Device\EFM32GG980F1024\startup_efm32gg.s

DAC0_IRQHandler 0000001A

Symbol: DAC0_IRQHandler
   Definitions
      At line 252 in file RTE\Device\EFM32GG980F1024\startup_efm32gg.s
   Uses
      At line 107 in file RTE\Device\EFM32GG980F1024\startup_efm32gg.s
      At line 211 in file RTE\Device\EFM32GG980F1024\startup_efm32gg.s

DMA_IRQHandler 0000001A

Symbol: DMA_IRQHandler
   Definitions
      At line 244 in file RTE\Device\EFM32GG980F1024\startup_efm32gg.s
   Uses
      At line 99 in file RTE\Device\EFM32GG980F1024\startup_efm32gg.s
      At line 203 in file RTE\Device\EFM32GG980F1024\startup_efm32gg.s

DebugMon_Handler 00000014

Symbol: DebugMon_Handler
   Definitions
      At line 189 in file RTE\Device\EFM32GG980F1024\startup_efm32gg.s
   Uses
      At line 92 in file RTE\Device\EFM32GG980F1024\startup_efm32gg.s
      At line 190 in file RTE\Device\EFM32GG980F1024\startup_efm32gg.s

Default_Handler 0000001A

Symbol: Default_Handler
   Definitions
      At line 202 in file RTE\Device\EFM32GG980F1024\startup_efm32gg.s
   Uses
      None
Comment: Default_Handler unused
EBI_IRQHandler 0000001A

Symbol: EBI_IRQHandler
   Definitions
      At line 281 in file RTE\Device\EFM32GG980F1024\startup_efm32gg.s
   Uses
      At line 136 in file RTE\Device\EFM32GG980F1024\startup_efm32gg.s
      At line 240 in file RTE\Device\EFM32GG980F1024\startup_efm32gg.s

EMU_IRQHandler 0000001A

Symbol: EMU_IRQHandler
   Definitions
      At line 282 in file RTE\Device\EFM32GG980F1024\startup_efm32gg.s
   Uses
      At line 137 in file RTE\Device\EFM32GG980F1024\startup_efm32gg.s
      At line 241 in file RTE\Device\EFM32GG980F1024\startup_efm32gg.s

GPIO_EVEN_IRQHandler 0000001A

Symbol: GPIO_EVEN_IRQHandler



ARM Macro Assembler    Page 3 Alphabetic symbol ordering
Relocatable symbols

   Definitions
      At line 245 in file RTE\Device\EFM32GG980F1024\startup_efm32gg.s
   Uses
      At line 100 in file RTE\Device\EFM32GG980F1024\startup_efm32gg.s
      At line 204 in file RTE\Device\EFM32GG980F1024\startup_efm32gg.s

GPIO_ODD_IRQHandler 0000001A

Symbol: GPIO_ODD_IRQHandler
   Definitions
      At line 255 in file RTE\Device\EFM32GG980F1024\startup_efm32gg.s
   Uses
      At line 110 in file RTE\Device\EFM32GG980F1024\startup_efm32gg.s
      At line 214 in file RTE\Device\EFM32GG980F1024\startup_efm32gg.s

HardFault_Handler 0000000A

Symbol: HardFault_Handler
   Definitions
      At line 165 in file RTE\Device\EFM32GG980F1024\startup_efm32gg.s
   Uses
      At line 83 in file RTE\Device\EFM32GG980F1024\startup_efm32gg.s
      At line 166 in file RTE\Device\EFM32GG980F1024\startup_efm32gg.s

I2C0_IRQHandler 0000001A

Symbol: I2C0_IRQHandler
   Definitions
      At line 253 in file RTE\Device\EFM32GG980F1024\startup_efm32gg.s
   Uses
      At line 108 in file RTE\Device\EFM32GG980F1024\startup_efm32gg.s
      At line 212 in file RTE\Device\EFM32GG980F1024\startup_efm32gg.s

I2C1_IRQHandler 0000001A

Symbol: I2C1_IRQHandler
   Definitions
      At line 254 in file RTE\Device\EFM32GG980F1024\startup_efm32gg.s
   Uses
      At line 109 in file RTE\Device\EFM32GG980F1024\startup_efm32gg.s
      At line 213 in file RTE\Device\EFM32GG980F1024\startup_efm32gg.s

LCD_IRQHandler 0000001A

Symbol: LCD_IRQHandler
   Definitions
      At line 278 in file RTE\Device\EFM32GG980F1024\startup_efm32gg.s
   Uses
      At line 133 in file RTE\Device\EFM32GG980F1024\startup_efm32gg.s
      At line 237 in file RTE\Device\EFM32GG980F1024\startup_efm32gg.s

LESENSE_IRQHandler 0000001A

Symbol: LESENSE_IRQHandler
   Definitions
      At line 261 in file RTE\Device\EFM32GG980F1024\startup_efm32gg.s
   Uses
      At line 116 in file RTE\Device\EFM32GG980F1024\startup_efm32gg.s
      At line 220 in file RTE\Device\EFM32GG980F1024\startup_efm32gg.s



ARM Macro Assembler    Page 4 Alphabetic symbol ordering
Relocatable symbols


LETIMER0_IRQHandler 0000001A

Symbol: LETIMER0_IRQHandler
   Definitions
      At line 270 in file RTE\Device\EFM32GG980F1024\startup_efm32gg.s
   Uses
      At line 125 in file RTE\Device\EFM32GG980F1024\startup_efm32gg.s
      At line 229 in file RTE\Device\EFM32GG980F1024\startup_efm32gg.s

LEUART0_IRQHandler 0000001A

Symbol: LEUART0_IRQHandler
   Definitions
      At line 268 in file RTE\Device\EFM32GG980F1024\startup_efm32gg.s
   Uses
      At line 123 in file RTE\Device\EFM32GG980F1024\startup_efm32gg.s
      At line 227 in file RTE\Device\EFM32GG980F1024\startup_efm32gg.s

LEUART1_IRQHandler 0000001A

Symbol: LEUART1_IRQHandler
   Definitions
      At line 269 in file RTE\Device\EFM32GG980F1024\startup_efm32gg.s
   Uses
      At line 124 in file RTE\Device\EFM32GG980F1024\startup_efm32gg.s
      At line 228 in file RTE\Device\EFM32GG980F1024\startup_efm32gg.s

MSC_IRQHandler 0000001A

Symbol: MSC_IRQHandler
   Definitions
      At line 279 in file RTE\Device\EFM32GG980F1024\startup_efm32gg.s
   Uses
      At line 134 in file RTE\Device\EFM32GG980F1024\startup_efm32gg.s
      At line 238 in file RTE\Device\EFM32GG980F1024\startup_efm32gg.s

MemManage_Handler 0000000C

Symbol: MemManage_Handler
   Definitions
      At line 170 in file RTE\Device\EFM32GG980F1024\startup_efm32gg.s
   Uses
      At line 84 in file RTE\Device\EFM32GG980F1024\startup_efm32gg.s
      At line 171 in file RTE\Device\EFM32GG980F1024\startup_efm32gg.s

NMI_Handler 00000008

Symbol: NMI_Handler
   Definitions
      At line 160 in file RTE\Device\EFM32GG980F1024\startup_efm32gg.s
   Uses
      At line 82 in file RTE\Device\EFM32GG980F1024\startup_efm32gg.s
      At line 161 in file RTE\Device\EFM32GG980F1024\startup_efm32gg.s

PCNT0_IRQHandler 0000001A

Symbol: PCNT0_IRQHandler
   Definitions



ARM Macro Assembler    Page 5 Alphabetic symbol ordering
Relocatable symbols

      At line 271 in file RTE\Device\EFM32GG980F1024\startup_efm32gg.s
   Uses
      At line 126 in file RTE\Device\EFM32GG980F1024\startup_efm32gg.s
      At line 230 in file RTE\Device\EFM32GG980F1024\startup_efm32gg.s

PCNT1_IRQHandler 0000001A

Symbol: PCNT1_IRQHandler
   Definitions
      At line 272 in file RTE\Device\EFM32GG980F1024\startup_efm32gg.s
   Uses
      At line 127 in file RTE\Device\EFM32GG980F1024\startup_efm32gg.s
      At line 231 in file RTE\Device\EFM32GG980F1024\startup_efm32gg.s

PCNT2_IRQHandler 0000001A

Symbol: PCNT2_IRQHandler
   Definitions
      At line 273 in file RTE\Device\EFM32GG980F1024\startup_efm32gg.s
   Uses
      At line 128 in file RTE\Device\EFM32GG980F1024\startup_efm32gg.s
      At line 232 in file RTE\Device\EFM32GG980F1024\startup_efm32gg.s

PendSV_Handler 00000016

Symbol: PendSV_Handler
   Definitions
      At line 193 in file RTE\Device\EFM32GG980F1024\startup_efm32gg.s
   Uses
      At line 94 in file RTE\Device\EFM32GG980F1024\startup_efm32gg.s
      At line 194 in file RTE\Device\EFM32GG980F1024\startup_efm32gg.s

RTC_IRQHandler 0000001A

Symbol: RTC_IRQHandler
   Definitions
      At line 274 in file RTE\Device\EFM32GG980F1024\startup_efm32gg.s
   Uses
      At line 129 in file RTE\Device\EFM32GG980F1024\startup_efm32gg.s
      At line 233 in file RTE\Device\EFM32GG980F1024\startup_efm32gg.s

Reset_Handler 00000000

Symbol: Reset_Handler
   Definitions
      At line 147 in file RTE\Device\EFM32GG980F1024\startup_efm32gg.s
   Uses
      At line 81 in file RTE\Device\EFM32GG980F1024\startup_efm32gg.s
      At line 148 in file RTE\Device\EFM32GG980F1024\startup_efm32gg.s

SVC_Handler 00000012

Symbol: SVC_Handler
   Definitions
      At line 184 in file RTE\Device\EFM32GG980F1024\startup_efm32gg.s
   Uses
      At line 91 in file RTE\Device\EFM32GG980F1024\startup_efm32gg.s
      At line 185 in file RTE\Device\EFM32GG980F1024\startup_efm32gg.s




ARM Macro Assembler    Page 6 Alphabetic symbol ordering
Relocatable symbols

SysTick_Handler 00000018

Symbol: SysTick_Handler
   Definitions
      At line 197 in file RTE\Device\EFM32GG980F1024\startup_efm32gg.s
   Uses
      At line 95 in file RTE\Device\EFM32GG980F1024\startup_efm32gg.s
      At line 198 in file RTE\Device\EFM32GG980F1024\startup_efm32gg.s

TIMER0_IRQHandler 0000001A

Symbol: TIMER0_IRQHandler
   Definitions
      At line 246 in file RTE\Device\EFM32GG980F1024\startup_efm32gg.s
   Uses
      At line 101 in file RTE\Device\EFM32GG980F1024\startup_efm32gg.s
      At line 205 in file RTE\Device\EFM32GG980F1024\startup_efm32gg.s

TIMER1_IRQHandler 0000001A

Symbol: TIMER1_IRQHandler
   Definitions
      At line 256 in file RTE\Device\EFM32GG980F1024\startup_efm32gg.s
   Uses
      At line 111 in file RTE\Device\EFM32GG980F1024\startup_efm32gg.s
      At line 215 in file RTE\Device\EFM32GG980F1024\startup_efm32gg.s

TIMER2_IRQHandler 0000001A

Symbol: TIMER2_IRQHandler
   Definitions
      At line 257 in file RTE\Device\EFM32GG980F1024\startup_efm32gg.s
   Uses
      At line 112 in file RTE\Device\EFM32GG980F1024\startup_efm32gg.s
      At line 216 in file RTE\Device\EFM32GG980F1024\startup_efm32gg.s

TIMER3_IRQHandler 0000001A

Symbol: TIMER3_IRQHandler
   Definitions
      At line 258 in file RTE\Device\EFM32GG980F1024\startup_efm32gg.s
   Uses
      At line 113 in file RTE\Device\EFM32GG980F1024\startup_efm32gg.s
      At line 217 in file RTE\Device\EFM32GG980F1024\startup_efm32gg.s

UART0_RX_IRQHandler 0000001A

Symbol: UART0_RX_IRQHandler
   Definitions
      At line 264 in file RTE\Device\EFM32GG980F1024\startup_efm32gg.s
   Uses
      At line 119 in file RTE\Device\EFM32GG980F1024\startup_efm32gg.s
      At line 223 in file RTE\Device\EFM32GG980F1024\startup_efm32gg.s

UART0_TX_IRQHandler 0000001A

Symbol: UART0_TX_IRQHandler
   Definitions
      At line 265 in file RTE\Device\EFM32GG980F1024\startup_efm32gg.s



ARM Macro Assembler    Page 7 Alphabetic symbol ordering
Relocatable symbols

   Uses
      At line 120 in file RTE\Device\EFM32GG980F1024\startup_efm32gg.s
      At line 224 in file RTE\Device\EFM32GG980F1024\startup_efm32gg.s

UART1_RX_IRQHandler 0000001A

Symbol: UART1_RX_IRQHandler
   Definitions
      At line 266 in file RTE\Device\EFM32GG980F1024\startup_efm32gg.s
   Uses
      At line 121 in file RTE\Device\EFM32GG980F1024\startup_efm32gg.s
      At line 225 in file RTE\Device\EFM32GG980F1024\startup_efm32gg.s

UART1_TX_IRQHandler 0000001A

Symbol: UART1_TX_IRQHandler
   Definitions
      At line 267 in file RTE\Device\EFM32GG980F1024\startup_efm32gg.s
   Uses
      At line 122 in file RTE\Device\EFM32GG980F1024\startup_efm32gg.s
      At line 226 in file RTE\Device\EFM32GG980F1024\startup_efm32gg.s

USART0_RX_IRQHandler 0000001A

Symbol: USART0_RX_IRQHandler
   Definitions
      At line 247 in file RTE\Device\EFM32GG980F1024\startup_efm32gg.s
   Uses
      At line 102 in file RTE\Device\EFM32GG980F1024\startup_efm32gg.s
      At line 206 in file RTE\Device\EFM32GG980F1024\startup_efm32gg.s

USART0_TX_IRQHandler 0000001A

Symbol: USART0_TX_IRQHandler
   Definitions
      At line 248 in file RTE\Device\EFM32GG980F1024\startup_efm32gg.s
   Uses
      At line 103 in file RTE\Device\EFM32GG980F1024\startup_efm32gg.s
      At line 207 in file RTE\Device\EFM32GG980F1024\startup_efm32gg.s

USART1_RX_IRQHandler 0000001A

Symbol: USART1_RX_IRQHandler
   Definitions
      At line 259 in file RTE\Device\EFM32GG980F1024\startup_efm32gg.s
   Uses
      At line 114 in file RTE\Device\EFM32GG980F1024\startup_efm32gg.s
      At line 218 in file RTE\Device\EFM32GG980F1024\startup_efm32gg.s

USART1_TX_IRQHandler 0000001A

Symbol: USART1_TX_IRQHandler
   Definitions
      At line 260 in file RTE\Device\EFM32GG980F1024\startup_efm32gg.s
   Uses
      At line 115 in file RTE\Device\EFM32GG980F1024\startup_efm32gg.s
      At line 219 in file RTE\Device\EFM32GG980F1024\startup_efm32gg.s

USART2_RX_IRQHandler 0000001A



ARM Macro Assembler    Page 8 Alphabetic symbol ordering
Relocatable symbols


Symbol: USART2_RX_IRQHandler
   Definitions
      At line 262 in file RTE\Device\EFM32GG980F1024\startup_efm32gg.s
   Uses
      At line 117 in file RTE\Device\EFM32GG980F1024\startup_efm32gg.s
      At line 221 in file RTE\Device\EFM32GG980F1024\startup_efm32gg.s

USART2_TX_IRQHandler 0000001A

Symbol: USART2_TX_IRQHandler
   Definitions
      At line 263 in file RTE\Device\EFM32GG980F1024\startup_efm32gg.s
   Uses
      At line 118 in file RTE\Device\EFM32GG980F1024\startup_efm32gg.s
      At line 222 in file RTE\Device\EFM32GG980F1024\startup_efm32gg.s

USB_IRQHandler 0000001A

Symbol: USB_IRQHandler
   Definitions
      At line 249 in file RTE\Device\EFM32GG980F1024\startup_efm32gg.s
   Uses
      At line 104 in file RTE\Device\EFM32GG980F1024\startup_efm32gg.s
      At line 208 in file RTE\Device\EFM32GG980F1024\startup_efm32gg.s

UsageFault_Handler 00000010

Symbol: UsageFault_Handler
   Definitions
      At line 180 in file RTE\Device\EFM32GG980F1024\startup_efm32gg.s
   Uses
      At line 86 in file RTE\Device\EFM32GG980F1024\startup_efm32gg.s
      At line 181 in file RTE\Device\EFM32GG980F1024\startup_efm32gg.s

VCMP_IRQHandler 0000001A

Symbol: VCMP_IRQHandler
   Definitions
      At line 277 in file RTE\Device\EFM32GG980F1024\startup_efm32gg.s
   Uses
      At line 132 in file RTE\Device\EFM32GG980F1024\startup_efm32gg.s
      At line 236 in file RTE\Device\EFM32GG980F1024\startup_efm32gg.s

__user_initial_stackheap 0000001C

Symbol: __user_initial_stackheap
   Definitions
      At line 301 in file RTE\Device\EFM32GG980F1024\startup_efm32gg.s
   Uses
      At line 299 in file RTE\Device\EFM32GG980F1024\startup_efm32gg.s
Comment: __user_initial_stackheap used once
52 symbols



ARM Macro Assembler    Page 1 Alphabetic symbol ordering
Absolute symbols

Heap_Size 00000C00

Symbol: Heap_Size
   Definitions
      At line 60 in file RTE\Device\EFM32GG980F1024\startup_efm32gg.s
   Uses
      At line 65 in file RTE\Device\EFM32GG980F1024\startup_efm32gg.s
      At line 304 in file RTE\Device\EFM32GG980F1024\startup_efm32gg.s

Stack_Size 00000400

Symbol: Stack_Size
   Definitions
      At line 46 in file RTE\Device\EFM32GG980F1024\startup_efm32gg.s
   Uses
      At line 50 in file RTE\Device\EFM32GG980F1024\startup_efm32gg.s
      At line 303 in file RTE\Device\EFM32GG980F1024\startup_efm32gg.s

__Vectors_Size 000000DC

Symbol: __Vectors_Size
   Definitions
      At line 140 in file RTE\Device\EFM32GG980F1024\startup_efm32gg.s
   Uses
      At line 78 in file RTE\Device\EFM32GG980F1024\startup_efm32gg.s
Comment: __Vectors_Size used once
3 symbols



ARM Macro Assembler    Page 1 Alphabetic symbol ordering
External symbols

SystemInit 00000000

Symbol: SystemInit
   Definitions
      At line 149 in file RTE\Device\EFM32GG980F1024\startup_efm32gg.s
   Uses
      At line 151 in file RTE\Device\EFM32GG980F1024\startup_efm32gg.s
Comment: SystemInit used once
__main 00000000

Symbol: __main
   Definitions
      At line 150 in file RTE\Device\EFM32GG980F1024\startup_efm32gg.s
   Uses
      At line 153 in file RTE\Device\EFM32GG980F1024\startup_efm32gg.s
Comment: __main used once
__use_two_region_memory 00000000

Symbol: __use_two_region_memory
   Definitions
      At line 298 in file RTE\Device\EFM32GG980F1024\startup_efm32gg.s
   Uses
      None
Comment: __use_two_region_memory unused
3 symbols
410 symbols in table
